<?xml version="1.0" encoding="UTF-8"?>
<coverage generated="1778099284869" clover="3.2.0">
  <project timestamp="1778099284869" name="All files">
    <metrics statements="65" coveredstatements="60" conditionals="14" coveredconditionals="10" methods="17" coveredmethods="14" elements="96" coveredelements="84" complexity="0" loc="65" ncloc="65" packages="1" files="1" classes="1"/>
    <file name="index.ts" path="/Users/narendrababu/Desktop/VYSONM3/index.ts">
      <metrics statements="65" coveredstatements="60" conditionals="14" coveredconditionals="10" methods="17" coveredmethods="14"/>
      <line num="1" count="1" type="stmt"/>
      <line num="2" count="1" type="stmt"/>
      <line num="3" count="1" type="stmt"/>
      <line num="4" count="1" type="stmt"/>
      <line num="5" count="1" type="stmt"/>
      <line num="7" count="1" type="stmt"/>
      <line num="8" count="1" type="stmt"/>
      <line num="10" count="1" type="stmt"/>
      <line num="11" count="1" type="stmt"/>
      <line num="13" count="1" type="stmt"/>
      <line num="14" count="1" type="stmt"/>
      <line num="17" count="1" type="stmt"/>
      <line num="19" count="1" type="stmt"/>
      <line num="22" count="1" type="stmt"/>
      <line num="23" count="1" type="stmt"/>
      <line num="27" count="1" type="stmt"/>
      <line num="29" count="1" type="stmt"/>
      <line num="30" count="1" type="stmt"/>
      <line num="33" count="1" type="stmt"/>
      <line num="35" count="1" type="stmt"/>
      <line num="37" count="1" type="stmt"/>
      <line num="40" count="1" type="stmt"/>
      <line num="41" count="1" type="stmt"/>
      <line num="43" count="1" type="stmt"/>
      <line num="44" count="1" type="stmt"/>
      <line num="46" count="0" type="stmt"/>
      <line num="49" count="1" type="stmt"/>
      <line num="52" count="1" type="stmt"/>
      <line num="53" count="2" type="cond" truecount="2" falsecount="0"/>
      <line num="54" count="1" type="stmt"/>
      <line num="57" count="1" type="stmt"/>
      <line num="59" count="1" type="stmt"/>
      <line num="61" count="1" type="stmt"/>
      <line num="62" count="1" type="cond" truecount="1" falsecount="1"/>
      <line num="63" count="0" type="stmt"/>
      <line num="66" count="1" type="stmt"/>
      <line num="75" count="1" type="stmt"/>
      <line num="77" count="1" type="stmt"/>
      <line num="78" count="3" type="stmt"/>
      <line num="81" count="3" type="cond" truecount="1" falsecount="1"/>
      <line num="83" count="3" type="cond" truecount="2" falsecount="0"/>
      <line num="84" count="1" type="stmt"/>
      <line num="87" count="2" type="stmt"/>
      <line num="88" count="2" type="stmt"/>
      <line num="93" count="2" type="stmt"/>
      <line num="96" count="2" type="stmt"/>
      <line num="106" count="8" type="cond" truecount="2" falsecount="0"/>
      <line num="107" count="6" type="stmt"/>
      <line num="110" count="2" type="stmt"/>
      <line num="111" count="2" type="stmt"/>
      <line num="113" count="2" type="stmt"/>
      <line num="114" count="2" type="stmt"/>
      <line num="115" count="2" type="stmt"/>
      <line num="116" count="2" type="stmt"/>
      <line num="118" count="2" type="stmt"/>
      <line num="120" count="2" type="stmt"/>
      <line num="124" count="2" type="cond" truecount="1" falsecount="1"/>
      <line num="125" count="2" type="stmt"/>
      <line num="129" count="0" type="stmt"/>
      <line num="132" count="2" type="stmt"/>
      <line num="135" count="1" type="cond" truecount="1" falsecount="1"/>
      <line num="136" count="0" type="stmt"/>
      <line num="137" count="0" type="stmt"/>
      <line num="142" count="1" type="stmt"/>
      <line num="144" count="1" type="stmt"/>
    </file>
  </project>
</coverage>
