{"/Users/narendrababu/Desktop/VYSONM3/index.ts": {"path":"/Users/narendrababu/Desktop/VYSONM3/index.ts","statementMap":{"0":{"start":{"line":1,"column":0},"end":{"line":1,"column":53}},"1":{"start":{"line":2,"column":0},"end":{"line":2,"column":30}},"2":{"start":{"line":3,"column":0},"end":{"line":3,"column":28}},"3":{"start":{"line":4,"column":0},"end":{"line":4,"column":26}},"4":{"start":{"line":5,"column":0},"end":{"line":5,"column":24}},"5":{"start":{"line":7,"column":23},"end":{"line":7,"column":40}},"6":{"start":{"line":8,"column":11},"end":{"line":8,"column":55}},"7":{"start":{"line":10,"column":12},"end":{"line":10,"column":21}},"8":{"start":{"line":11,"column":0},"end":{"line":11,"column":24}},"9":{"start":{"line":13,"column":0},"end":{"line":15,"column":3}},"10":{"start":{"line":14,"column":2},"end":{"line":14,"column":73}},"11":{"start":{"line":17,"column":16},"end":{"line":25,"column":2}},"12":{"start":{"line":19,"column":4},"end":{"line":19,"column":26}},"13":{"start":{"line":22,"column":23},"end":{"line":22,"column":59}},"14":{"start":{"line":23,"column":4},"end":{"line":23,"column":25}},"15":{"start":{"line":27,"column":15},"end":{"line":27,"column":43}},"16":{"start":{"line":29,"column":0},"end":{"line":38,"column":3}},"17":{"start":{"line":30,"column":2},"end":{"line":30,"column":55}},"18":{"start":{"line":33,"column":2},"end":{"line":33,"column":60}},"19":{"start":{"line":33,"column":33},"end":{"line":33,"column":58}},"20":{"start":{"line":35,"column":2},"end":{"line":35,"column":53}},"21":{"start":{"line":37,"column":2},"end":{"line":37,"column":41}},"22":{"start":{"line":40,"column":0},"end":{"line":50,"column":3}},"23":{"start":{"line":41,"column":2},"end":{"line":41,"column":56}},"24":{"start":{"line":43,"column":2},"end":{"line":47,"column":5}},"25":{"start":{"line":44,"column":4},"end":{"line":44,"column":59}},"26":{"start":{"line":44,"column":21},"end":{"line":44,"column":52}},"27":{"start":{"line":46,"column":4},"end":{"line":46,"column":47}},"28":{"start":{"line":49,"column":2},"end":{"line":49,"column":42}},"29":{"start":{"line":52,"column":0},"end":{"line":72,"column":3}},"30":{"start":{"line":53,"column":2},"end":{"line":55,"column":3}},"31":{"start":{"line":54,"column":4},"end":{"line":54,"column":64}},"32":{"start":{"line":57,"column":20},"end":{"line":57,"column":33}},"33":{"start":{"line":59,"column":16},"end":{"line":59,"column":71}},"34":{"start":{"line":61,"column":2},"end":{"line":71,"column":5}},"35":{"start":{"line":62,"column":4},"end":{"line":64,"column":5}},"36":{"start":{"line":63,"column":6},"end":{"line":63,"column":58}},"37":{"start":{"line":66,"column":4},"end":{"line":70,"column":7}},"38":{"start":{"line":75,"column":19},"end":{"line":75,"column":21}},"39":{"start":{"line":77,"column":0},"end":{"line":102,"column":3}},"40":{"start":{"line":78,"column":2},"end":{"line":101,"column":4}},"41":{"start":{"line":81,"column":6},"end":{"line":81,"column":67}},"42":{"start":{"line":81,"column":15},"end":{"line":81,"column":67}},"43":{"start":{"line":83,"column":6},"end":{"line":85,"column":7}},"44":{"start":{"line":84,"column":8},"end":{"line":84,"column":56}},"45":{"start":{"line":87,"column":6},"end":{"line":94,"column":9}},"46":{"start":{"line":88,"column":8},"end":{"line":92,"column":11}},"47":{"start":{"line":93,"column":8},"end":{"line":93,"column":55}},"48":{"start":{"line":96,"column":6},"end":{"line":99,"column":9}},"49":{"start":{"line":106,"column":2},"end":{"line":108,"column":3}},"50":{"start":{"line":107,"column":4},"end":{"line":107,"column":36}},"51":{"start":{"line":110,"column":15},"end":{"line":110,"column":28}},"52":{"start":{"line":111,"column":2},"end":{"line":111,"column":60}},"53":{"start":{"line":113,"column":2},"end":{"line":130,"column":3}},"54":{"start":{"line":114,"column":16},"end":{"line":114,"column":44}},"55":{"start":{"line":115,"column":17},"end":{"line":115,"column":51}},"56":{"start":{"line":116,"column":22},"end":{"line":116,"column":54}},"57":{"start":{"line":118,"column":4},"end":{"line":118,"column":67}},"58":{"start":{"line":120,"column":4},"end":{"line":127,"column":6}},"59":{"start":{"line":124,"column":8},"end":{"line":125,"column":72}},"60":{"start":{"line":124,"column":17},"end":{"line":124,"column":56}},"61":{"start":{"line":125,"column":13},"end":{"line":125,"column":72}},"62":{"start":{"line":129,"column":4},"end":{"line":129,"column":51}},"63":{"start":{"line":132,"column":2},"end":{"line":132,"column":23}},"64":{"start":{"line":135,"column":0},"end":{"line":139,"column":1}},"65":{"start":{"line":136,"column":2},"end":{"line":138,"column":5}},"66":{"start":{"line":137,"column":4},"end":{"line":137,"column":47}},"67":{"start":{"line":142,"column":0},"end":{"line":142,"column":9}},"68":{"start":{"line":144,"column":0},"end":{"line":144,"column":19}}},"fnMap":{"0":{"name":"(anonymous_1)","decl":{"start":{"line":13,"column":19},"end":{"line":13,"column":20}},"loc":{"start":{"line":13,"column":51},"end":{"line":15,"column":1}}},"1":{"name":"(anonymous_2)","decl":{"start":{"line":18,"column":15},"end":{"line":18,"column":25}},"loc":{"start":{"line":18,"column":38},"end":{"line":20,"column":3}}},"2":{"name":"(anonymous_3)","decl":{"start":{"line":21,"column":12},"end":{"line":21,"column":22}},"loc":{"start":{"line":21,"column":35},"end":{"line":24,"column":3}}},"3":{"name":"(anonymous_4)","decl":{"start":{"line":29,"column":18},"end":{"line":29,"column":23}},"loc":{"start":{"line":29,"column":56},"end":{"line":38,"column":1}}},"4":{"name":"(anonymous_5)","decl":{"start":{"line":33,"column":20},"end":{"line":33,"column":21}},"loc":{"start":{"line":33,"column":33},"end":{"line":33,"column":58}}},"5":{"name":"(anonymous_6)","decl":{"start":{"line":40,"column":19},"end":{"line":40,"column":20}},"loc":{"start":{"line":40,"column":51},"end":{"line":50,"column":1}}},"6":{"name":"(anonymous_7)","decl":{"start":{"line":43,"column":14},"end":{"line":43,"column":15}},"loc":{"start":{"line":44,"column":4},"end":{"line":44,"column":59}}},"7":{"name":"(anonymous_8)","decl":{"start":{"line":44,"column":15},"end":{"line":44,"column":18}},"loc":{"start":{"line":44,"column":21},"end":{"line":44,"column":52}}},"8":{"name":"(anonymous_9)","decl":{"start":{"line":45,"column":9},"end":{"line":45,"column":10}},"loc":{"start":{"line":45,"column":17},"end":{"line":47,"column":3}}},"9":{"name":"(anonymous_10)","decl":{"start":{"line":52,"column":44},"end":{"line":52,"column":45}},"loc":{"start":{"line":52,"column":76},"end":{"line":72,"column":1}}},"10":{"name":"(anonymous_11)","decl":{"start":{"line":61,"column":29},"end":{"line":61,"column":39}},"loc":{"start":{"line":61,"column":42},"end":{"line":71,"column":3}}},"11":{"name":"(anonymous_12)","decl":{"start":{"line":77,"column":21},"end":{"line":77,"column":22}},"loc":{"start":{"line":77,"column":53},"end":{"line":102,"column":1}}},"12":{"name":"(anonymous_13)","decl":{"start":{"line":80,"column":4},"end":{"line":80,"column":5}},"loc":{"start":{"line":80,"column":18},"end":{"line":100,"column":5}}},"13":{"name":"(anonymous_14)","decl":{"start":{"line":87,"column":19},"end":{"line":87,"column":20}},"loc":{"start":{"line":87,"column":33},"end":{"line":94,"column":7}}},"14":{"name":"worker","decl":{"start":{"line":105,"column":15},"end":{"line":105,"column":21}},"loc":{"start":{"line":105,"column":21},"end":{"line":133,"column":1}}},"15":{"name":"(anonymous_16)","decl":{"start":{"line":123,"column":6},"end":{"line":123,"column":7}},"loc":{"start":{"line":123,"column":14},"end":{"line":126,"column":7}}},"16":{"name":"(anonymous_17)","decl":{"start":{"line":136,"column":19},"end":{"line":136,"column":22}},"loc":{"start":{"line":136,"column":24},"end":{"line":138,"column":3}}}},"branchMap":{"0":{"loc":{"start":{"line":53,"column":2},"end":{"line":55,"column":3}},"type":"if","locations":[{"start":{"line":53,"column":2},"end":{"line":55,"column":3}},{"start":{},"end":{}}]},"1":{"loc":{"start":{"line":62,"column":4},"end":{"line":64,"column":5}},"type":"if","locations":[{"start":{"line":62,"column":4},"end":{"line":64,"column":5}},{"start":{},"end":{}}]},"2":{"loc":{"start":{"line":81,"column":6},"end":{"line":81,"column":67}},"type":"if","locations":[{"start":{"line":81,"column":6},"end":{"line":81,"column":67}},{"start":{},"end":{}}]},"3":{"loc":{"start":{"line":83,"column":6},"end":{"line":85,"column":7}},"type":"if","locations":[{"start":{"line":83,"column":6},"end":{"line":85,"column":7}},{"start":{},"end":{}}]},"4":{"loc":{"start":{"line":106,"column":2},"end":{"line":108,"column":3}},"type":"if","locations":[{"start":{"line":106,"column":2},"end":{"line":108,"column":3}},{"start":{},"end":{}}]},"5":{"loc":{"start":{"line":124,"column":8},"end":{"line":125,"column":72}},"type":"if","locations":[{"start":{"line":124,"column":8},"end":{"line":125,"column":72}},{"start":{"line":125,"column":13},"end":{"line":125,"column":72}}]},"6":{"loc":{"start":{"line":135,"column":0},"end":{"line":139,"column":1}},"type":"if","locations":[{"start":{"line":135,"column":0},"end":{"line":139,"column":1}},{"start":{},"end":{}}]}},"s":{"0":1,"1":1,"2":1,"3":1,"4":1,"5":1,"6":1,"7":1,"8":1,"9":1,"10":1,"11":1,"12":1,"13":1,"14":1,"15":1,"16":1,"17":1,"18":1,"19":1,"20":1,"21":1,"22":1,"23":1,"24":1,"25":1,"26":0,"27":0,"28":1,"29":1,"30":2,"31":1,"32":1,"33":1,"34":1,"35":1,"36":0,"37":1,"38":1,"39":1,"40":3,"41":3,"42":0,"43":3,"44":1,"45":2,"46":2,"47":2,"48":2,"49":8,"50":6,"51":2,"52":2,"53":2,"54":2,"55":2,"56":2,"57":2,"58":2,"59":2,"60":0,"61":2,"62":0,"63":2,"64":1,"65":0,"66":0,"67":1,"68":1},"f":{"0":1,"1":1,"2":1,"3":1,"4":1,"5":1,"6":1,"7":0,"8":0,"9":2,"10":1,"11":3,"12":3,"13":2,"14":8,"15":2,"16":0},"b":{"0":[1,1],"1":[0,1],"2":[0,3],"3":[1,2],"4":[6,2],"5":[0,2],"6":[0,1]}}
}
