TN:
SF:index.ts
FN:13,(anonymous_1)
FN:18,(anonymous_2)
FN:21,(anonymous_3)
FN:29,(anonymous_4)
FN:33,(anonymous_5)
FN:40,(anonymous_6)
FN:43,(anonymous_7)
FN:44,(anonymous_8)
FN:45,(anonymous_9)
FN:52,(anonymous_10)
FN:61,(anonymous_11)
FN:77,(anonymous_12)
FN:80,(anonymous_13)
FN:87,(anonymous_14)
FN:105,worker
FN:123,(anonymous_16)
FN:136,(anonymous_17)
FNF:17
FNH:14
FNDA:1,(anonymous_1)
FNDA:1,(anonymous_2)
FNDA:1,(anonymous_3)
FNDA:1,(anonymous_4)
FNDA:1,(anonymous_5)
FNDA:1,(anonymous_6)
FNDA:1,(anonymous_7)
FNDA:0,(anonymous_8)
FNDA:0,(anonymous_9)
FNDA:2,(anonymous_10)
FNDA:1,(anonymous_11)
FNDA:3,(anonymous_12)
FNDA:3,(anonymous_13)
FNDA:2,(anonymous_14)
FNDA:8,worker
FNDA:2,(anonymous_16)
FNDA:0,(anonymous_17)
DA:1,1
DA:2,1
DA:3,1
DA:4,1
DA:5,1
DA:7,1
DA:8,1
DA:10,1
DA:11,1
DA:13,1
DA:14,1
DA:17,1
DA:19,1
DA:22,1
DA:23,1
DA:27,1
DA:29,1
DA:30,1
DA:33,1
DA:35,1
DA:37,1
DA:40,1
DA:41,1
DA:43,1
DA:44,1
DA:46,0
DA:49,1
DA:52,1
DA:53,2
DA:54,1
DA:57,1
DA:59,1
DA:61,1
DA:62,1
DA:63,0
DA:66,1
DA:75,1
DA:77,1
DA:78,3
DA:81,3
DA:83,3
DA:84,1
DA:87,2
DA:88,2
DA:93,2
DA:96,2
DA:106,8
DA:107,6
DA:110,2
DA:111,2
DA:113,2
DA:114,2
DA:115,2
DA:116,2
DA:118,2
DA:120,2
DA:124,2
DA:125,2
DA:129,0
DA:132,2
DA:135,1
DA:136,0
DA:137,0
DA:142,1
DA:144,1
LF:65
LH:60
BRDA:53,0,0,1
BRDA:53,0,1,1
BRDA:62,1,0,0
BRDA:62,1,1,1
BRDA:81,2,0,0
BRDA:81,2,1,3
BRDA:83,3,0,1
BRDA:83,3,1,2
BRDA:106,4,0,6
BRDA:106,4,1,2
BRDA:124,5,0,0
BRDA:124,5,1,2
BRDA:135,6,0,0
BRDA:135,6,1,1
BRF:14
BRH:10
end_of_record
