TN:
SF:index.ts
FN:14,(anonymous_1)
FN:17,(anonymous_2)
FN:25,(anonymous_3)
FN:29,(anonymous_4)
FN:36,(anonymous_5)
FN:39,(anonymous_6)
FN:40,(anonymous_7)
FN:41,(anonymous_8)
FN:48,(anonymous_9)
FN:57,(anonymous_10)
FN:73,(anonymous_11)
FN:76,(anonymous_12)
FN:83,(anonymous_13)
FN:101,worker
FN:119,(anonymous_15)
FN:132,(anonymous_16)
FNF:16
FNH:13
FNDA:1,(anonymous_1)
FNDA:1,(anonymous_2)
FNDA:1,(anonymous_3)
FNDA:1,(anonymous_4)
FNDA:1,(anonymous_5)
FNDA:1,(anonymous_6)
FNDA:0,(anonymous_7)
FNDA:0,(anonymous_8)
FNDA:2,(anonymous_9)
FNDA:1,(anonymous_10)
FNDA:3,(anonymous_11)
FNDA:3,(anonymous_12)
FNDA:2,(anonymous_13)
FNDA:8,worker
FNDA:2,(anonymous_15)
FNDA:0,(anonymous_16)
DA:1,1
DA:2,1
DA:3,1
DA:4,1
DA:5,1
DA:7,1
DA:8,1
DA:10,1
DA:11,1
DA:13,1
DA:15,1
DA:18,1
DA:19,1
DA:23,1
DA:25,1
DA:26,1
DA:29,1
DA:31,1
DA:33,1
DA:36,1
DA:37,1
DA:39,1
DA:40,1
DA:42,0
DA:45,1
DA:48,1
DA:49,2
DA:50,1
DA:53,1
DA:55,1
DA:57,1
DA:58,1
DA:59,0
DA:62,1
DA:71,1
DA:73,1
DA:74,3
DA:77,3
DA:79,3
DA:80,1
DA:83,2
DA:84,2
DA:89,2
DA:92,2
DA:102,8
DA:103,6
DA:106,2
DA:107,2
DA:109,2
DA:110,2
DA:111,2
DA:112,2
DA:114,2
DA:116,2
DA:120,2
DA:121,2
DA:125,0
DA:128,2
DA:131,1
DA:132,0
DA:133,0
DA:138,1
DA:140,1
LF:63
LH:58
BRDA:49,0,0,1
BRDA:49,0,1,1
BRDA:58,1,0,0
BRDA:58,1,1,1
BRDA:77,2,0,0
BRDA:77,2,1,3
BRDA:79,3,0,1
BRDA:79,3,1,2
BRDA:102,4,0,6
BRDA:102,4,1,2
BRDA:120,5,0,0
BRDA:120,5,1,2
BRDA:131,6,0,0
BRDA:131,6,1,1
BRF:14
BRH:10
end_of_record
